<?xml version="1.0" encoding="UTF-8"?>
<!-- Generated by org.testng.reporters.JUnitXMLReporter -->
<testsuite hostname="lipika-Inspiron-3442" name="Test" tests="1" failures="1" timestamp="30 Jun 2016 22:52:30 GMT" time="12.623" errors="0">
  <testcase name="@AfterMethod tearDown" time="0.0" classname="com.myAmaysim.tests.MySettingsTestcases">
    <failure type="java.lang.NullPointerException">
      <![CDATA[java.lang.NullPointerException
	at com.myAmaysim.base.TestBaseSetup.tearDown(TestBaseSetup.java:41)
... Removed 26 stack frames]]>
    </failure>
  </testcase> <!-- @AfterMethod tearDown -->
  <testcase name="verifyCallForwardEnable" time="0.015" classname="com.myAmaysim.tests.MySettingsTestcases">
    <failure type="java.lang.NullPointerException">
      <![CDATA[java.lang.NullPointerException
	at com.myAmaysim.pages.LoginPage.enterAmaysimNumber(LoginPage.java:27)
	at com.myAmaysim.pages.LoginPage.login(LoginPage.java:40)
	at com.myAmaysim.tests.MySettingsTestcases.verifyCallForwardEnable(MySettingsTestcases.java:31)
... Removed 24 stack frames]]>
    </failure>
  </testcase> <!-- verifyCallForwardEnable -->
</testsuite> <!-- Test -->
