<?xml version="1.0" encoding="UTF-8"?>
<!-- Generated by org.testng.reporters.JUnitXMLReporter -->
<testsuite hostname="lipika-Inspiron-3442" name="Default test" tests="2" failures="0" timestamp="30 Jun 2016 23:03:07 GMT" time="69.855" errors="0">
  <testcase name="verifyCallForwardEnable" time="22.568" classname="com.myAmaysim.tests.MySettingsTestcases"/>
  <testcase name="verifyCallForwardDisable" time="24.031" classname="com.myAmaysim.tests.MySettingsTestcases"/>
</testsuite> <!-- Default test -->
